app/build/outputs/logs/manifest-merger-release-report.txt
-- Merging decision tree log ---
manifest
ADDED from src/main/AndroidManifest.xml:2:1-169:12
	package
		ADDED from src/main/AndroidManifest.xml:3:5-28
		INJECTED from src/main/AndroidManifest.xml
		INJECTED from src/main/AndroidManifest.xml
	android:versionName
		ADDED from src/main/AndroidManifest.xml:5:5-30
		INJECTED from src/main/AndroidManifest.xml
		INJECTED from src/main/AndroidManifest.xml
	android:versionCode
		ADDED from src/main/AndroidManifest.xml:4:5-28
		INJECTED from src/main/AndroidManifest.xml
		INJECTED from src/main/AndroidManifest.xml
	xmlns:android
		ADDED from src/main/AndroidManifest.xml:2:11-69
uses-permission#android.permission.BLUETOOTH_ADMIN
ADDED from src/main/AndroidManifest.xml:7:5-74
	android:name
		ADDED from src/main/AndroidManifest.xml:7:22-71
uses-permission#android.permission.BLUETOOTH
ADDED from src/main/AndroidManifest.xml:8:5-68
	android:name
		ADDED from src/main/AndroidManifest.xml:8:22-65
uses-permission#itu.beddernet.PERMISSION
ADDED from src/main/AndroidManifest.xml:9:5-64
	android:name
		ADDED from src/main/AndroidManifest.xml:9:22-61
uses-permission#android.permission.WRITE_EXTERNAL_STORAGE
ADDED from src/main/AndroidManifest.xml:10:5-81
	android:name
		ADDED from src/main/AndroidManifest.xml:10:22-78
uses-permission#android.permission.RECORD_AUDIO
ADDED from src/main/AndroidManifest.xml:11:5-71
	android:name
		ADDED from src/main/AndroidManifest.xml:11:22-68
application
ADDED from src/main/AndroidManifest.xml:13:5-167:19
MERGED from [com.android.support:support-v4:23.4.0] AndroidManifest.xml:22:5-20
MERGED from [com.android.support:support-v13:23.4.0] AndroidManifest.xml:22:5-20
MERGED from [com.android.support:support-v4:23.4.0] AndroidManifest.xml:22:5-20
MERGED from [com.android.support:appcompat-v7:23.4.0] AndroidManifest.xml:25:5-20
MERGED from [com.android.support:animated-vector-drawable:23.4.0] AndroidManifest.xml:7:5-20
MERGED from [com.android.support:support-vector-drawable:23.4.0] AndroidManifest.xml:7:5-20
MERGED from [com.android.support:support-v4:23.4.0] AndroidManifest.xml:22:5-20
MERGED from [com.android.support:support-v4:23.4.0] AndroidManifest.xml:22:5-20
MERGED from [com.android.support:support-vector-drawable:23.4.0] AndroidManifest.xml:7:5-20
MERGED from [com.android.support:support-v4:23.4.0] AndroidManifest.xml:22:5-20
MERGED from [com.google.android.gms:play-services-appindexing:8.1.0] AndroidManifest.xml:19:5-20
MERGED from [com.google.android.gms:play-services-basement:8.1.0] AndroidManifest.xml:20:5-24:19
MERGED from [com.android.support:support-v4:23.4.0] AndroidManifest.xml:22:5-20
	android:label
		ADDED from src/main/AndroidManifest.xml:15:9-41
	android:icon
		ADDED from src/main/AndroidManifest.xml:14:9-38
activity#itu.beddernet.BeddernetConsole
ADDED from src/main/AndroidManifest.xml:17:9-25:20
	android:label
		ADDED from src/main/AndroidManifest.xml:19:13-45
	android:name
		ADDED from src/main/AndroidManifest.xml:18:13-45
intent-filter#android.intent.action.MAIN+android.intent.category.LAUNCHER
ADDED from src/main/AndroidManifest.xml:20:13-24:29
action#android.intent.action.MAIN
ADDED from src/main/AndroidManifest.xml:21:17-69
	android:name
		ADDED from src/main/AndroidManifest.xml:21:25-66
category#android.intent.category.LAUNCHER
ADDED from src/main/AndroidManifest.xml:23:17-77
	android:name
		ADDED from src/main/AndroidManifest.xml:23:27-74
receiver#itu.beddernet.datalink.bluetooth.DiscoveryReceiver
ADDED from src/main/AndroidManifest.xml:56:9-75:20
	android:name
		ADDED from src/main/AndroidManifest.xml:56:19-71
intent-filter#android.bluetooth.adapter.action.DISCOVERY_FINISHED+android.bluetooth.adapter.action.SCAN_MODE_CHANGED+android.bluetooth.adapter.action.STATE_CHANGED+android.bluetooth.adapter.extra.STATE+android.bluetooth.device.action.FOUND
ADDED from src/main/AndroidManifest.xml:57:13-74:29
action#android.bluetooth.adapter.action.SCAN_MODE_CHANGED
ADDED from src/main/AndroidManifest.xml:69:17-93
	android:name
		ADDED from src/main/AndroidManifest.xml:69:25-90
action#android.bluetooth.adapter.action.STATE_CHANGED
ADDED from src/main/AndroidManifest.xml:70:17-89
	android:name
		ADDED from src/main/AndroidManifest.xml:70:25-86
action#android.bluetooth.adapter.extra.STATE
ADDED from src/main/AndroidManifest.xml:71:17-80
	android:name
		ADDED from src/main/AndroidManifest.xml:71:25-77
action#android.bluetooth.adapter.action.DISCOVERY_FINISHED
ADDED from src/main/AndroidManifest.xml:72:17-94
	android:name
		ADDED from src/main/AndroidManifest.xml:72:25-91
action#android.bluetooth.device.action.FOUND
ADDED from src/main/AndroidManifest.xml:73:17-80
	android:name
		ADDED from src/main/AndroidManifest.xml:73:25-77
service#itu.beddernet.approuter.BeddernetService
ADDED from src/main/AndroidManifest.xml:143:9-160:19
	android:enabled
		ADDED from src/main/AndroidManifest.xml:145:13-35
	android:exported
		ADDED from src/main/AndroidManifest.xml:146:13-36
	android:name
		ADDED from src/main/AndroidManifest.xml:144:13-55
intent-filter#itu.beddernet.approuter.BeddernetService+itu.beddernet.approuter.IBeddernetService
ADDED from src/main/AndroidManifest.xml:147:13-159:29
action#itu.beddernet.approuter.IBeddernetService
ADDED from src/main/AndroidManifest.xml:153:17-84
	android:name
		ADDED from src/main/AndroidManifest.xml:153:25-81
action#itu.beddernet.approuter.BeddernetService
ADDED from src/main/AndroidManifest.xml:158:17-83
	android:name
		ADDED from src/main/AndroidManifest.xml:158:25-80
activity#itu.beddernet.recordSound.recordActivity
ADDED from src/main/AndroidManifest.xml:162:9-73
	android:name
		ADDED from src/main/AndroidManifest.xml:162:19-61
meta-data#com.google.android.gms.version
ADDED from src/main/AndroidManifest.xml:164:9-166:69
MERGED from [com.google.android.gms:play-services-basement:8.1.0] AndroidManifest.xml:21:9-23:69
	android:value
		ADDED from src/main/AndroidManifest.xml:166:13-66
	android:name
		ADDED from src/main/AndroidManifest.xml:165:13-58
uses-sdk
INJECTED from src/main/AndroidManifest.xml reason: use-sdk injection requested
MERGED from [com.android.support:support-v4:23.4.0] AndroidManifest.xml:20:5-43
MERGED from [com.android.support:support-v13:23.4.0] AndroidManifest.xml:20:5-44
MERGED from [com.android.support:support-v4:23.4.0] AndroidManifest.xml:20:5-43
MERGED from [com.android.support:appcompat-v7:23.4.0] AndroidManifest.xml:21:5-23:78
MERGED from [com.android.support:animated-vector-drawable:23.4.0] AndroidManifest.xml:5:5-44
MERGED from [com.android.support:support-vector-drawable:23.4.0] AndroidManifest.xml:5:5-43
MERGED from [com.android.support:support-v4:23.4.0] AndroidManifest.xml:20:5-43
MERGED from [com.android.support:support-v4:23.4.0] AndroidManifest.xml:20:5-43
MERGED from [com.android.support:support-vector-drawable:23.4.0] AndroidManifest.xml:5:5-43
MERGED from [com.android.support:support-v4:23.4.0] AndroidManifest.xml:20:5-43
MERGED from [com.google.android.gms:play-services-appindexing:8.1.0] AndroidManifest.xml:18:5-42
MERGED from [com.google.android.gms:play-services-basement:8.1.0] AndroidManifest.xml:18:5-42
MERGED from [com.android.support:support-v4:23.4.0] AndroidManifest.xml:20:5-43
	tools:overrideLibrary
		ADDED from [com.android.support:appcompat-v7:23.4.0] AndroidManifest.xml:23:9-75
	android:targetSdkVersion
		INJECTED from src/main/AndroidManifest.xml
		INJECTED from src/main/AndroidManifest.xml
	android:minSdkVersion
		INJECTED from src/main/AndroidManifest.xml
		INJECTED from src/main/AndroidManifest.xml